<?xml version="1.0" encoding="UTF-8"?>
<!-- Generated by org.testng.reporters.JUnitXMLReporter -->
<testsuite hostname="Riyaz" ignored="0" name="testngTest" tests="17" failures="2" timestamp="05 Dec 2019 05:11:42 GMT" time="53.564" errors="0">
  <testcase name="goolgeTitleTest" time="0.265" classname="sampletestNG.GoogleTitleTest">
    <failure type="java.lang.AssertionError" message="expected [Google123] but found [Google]">
      <![CDATA[java.lang.AssertionError: expected [Google123] but found [Google]
at sampletestNG.GoogleTitleTest.goolgeTitleTest(GoogleTitleTest.java:29)
... Removed 31 stack frames]]>
    </failure>
  </testcase> <!-- goolgeTitleTest -->
  <testcase name="logoTest" time="0.499" classname="sampletestNG.GoogleTitleTest"/>
  <testcase name="test1" time="0.0" classname="sampletestNG.infiniteLoopTest"/>
  <testcase name="sum" time="0.015" classname="sampletestNG.invocationCountTest"/>
  <testcase name="sum" time="0.0" classname="sampletestNG.invocationCountTest"/>
  <testcase name="sum" time="0.0" classname="sampletestNG.invocationCountTest"/>
  <testcase name="sum" time="0.017" classname="sampletestNG.invocationCountTest"/>
  <testcase name="sum" time="0.0" classname="sampletestNG.invocationCountTest"/>
  <testcase name="sum" time="0.0" classname="sampletestNG.invocationCountTest"/>
  <testcase name="sum" time="0.0" classname="sampletestNG.invocationCountTest"/>
  <testcase name="sum" time="0.015" classname="sampletestNG.invocationCountTest"/>
  <testcase name="sum" time="0.0" classname="sampletestNG.invocationCountTest"/>
  <testcase name="sum" time="0.016" classname="sampletestNG.invocationCountTest"/>
  <testcase name="googleLogo" time="0.0" classname="sampletestNG.testNG"/>
  <testcase name="googleTitleTest" time="0.0" classname="sampletestNG.testNG"/>
  <testcase name="search" time="0.0" classname="sampletestNG.testNG"/>
  <testcase name="loginTest" time="0.015" classname="sampletestNG.testNGfeatures">
    <failure type="java.lang.ArithmeticException" message="/ by zero">
      <![CDATA[java.lang.ArithmeticException: / by zero
at sampletestNG.testNGfeatures.loginTest(testNGfeatures.java:9)
... Removed 25 stack frames]]>
    </failure>
  </testcase> <!-- loginTest -->
</testsuite> <!-- testngTest -->
